('New number of bins:', 20)
Bin edges:
0.0
10.0
20.0
30.0
40.0
50.0
60.0
70.0
80.0
90.0
100.0
110.0
120.0
130.0
140.0
150.0
160.0
170.0
180.0
190.0
200.0

****************************************
Minimizer is Linear
Chi2                      =      214.759
NDf                       =           18
p0                        =      1.24241   +/-   0.0123461   
p1                        =  -0.00435474   +/-   0.000228296 
Polynomial order 1: Chi2/NDF = 11.931

****************************************
Minimizer is Linear
Chi2                      =      17.1188
NDf                       =           17
p0                        =      1.42174   +/-   0.0177521   
p1                        =   -0.0145188   +/-   0.000758176 
p2                        =  5.72616e-05   +/-   4.07311e-06 
Polynomial order 2: Chi2/NDF = 1.007

****************************************
Minimizer is Linear
Chi2                      =      11.2659
NDf                       =           16
p0                        =      1.38551   +/-   0.0232234   
p1                        =   -0.0111599   +/-   0.00158191  
p2                        =  1.13798e-07   +/-   2.39704e-05 
p3                        =   2.1528e-07   +/-   8.89853e-08 
Polynomial order 3: Chi2/NDF = 0.704

****************************************
Minimizer is Linear
Chi2                      =      10.9533
NDf                       =           15
p0                        =      1.39565   +/-   0.0294577   
p1                        =   -0.0125398   +/-   0.00293165  
p2                        =   4.2057e-05   +/-   7.87601e-05 
p3                        = -1.76186e-07   +/-   7.05849e-07 
p4                        =  1.08803e-09   +/-   1.94616e-09 
Polynomial order 4: Chi2/NDF = 0.730

Best fit: Polynomial order 3 with Chi2/NDF = 0.704
