000 (9347217.002.000) 11/17 13:27:14 Job submitted from host: <137.138.76.70:9618?addrs=137.138.76.70-9618+[2001-1458-d00-1c--49]-9618&alias=bigbird11.cern.ch&noUDP&sock=schedd_3243_01b9>
...
040 (9347217.002.000) 11/17 13:31:21 Started transferring input files
	Transferring to host: <128.142.130.63:9618?addrs=128.142.130.63-9618+[2001-1458-301-58--100-33]-9618&alias=b7g20p9653.cern.ch&noUDP&sock=slot1_13_19682_7fd9_47989>
...
040 (9347217.002.000) 11/17 13:31:21 Finished transferring input files
...
001 (9347217.002.000) 11/17 13:31:22 Job executing on host: <128.142.130.63:9618?addrs=128.142.130.63-9618+[2001-1458-301-58--100-33]-9618&alias=b7g20p9653.cern.ch&noUDP&sock=startd_2212_d394>
...
006 (9347217.002.000) 11/17 13:31:31 Image size of job updated: 508636
	140  -  MemoryUsage of job (MB)
	142828  -  ResidentSetSize of job (KB)
...
006 (9347217.002.000) 11/17 13:32:16 Image size of job updated: 982372
	140  -  MemoryUsage of job (MB)
	142828  -  ResidentSetSize of job (KB)
...
040 (9347217.002.000) 11/17 13:32:16 Started transferring output files
...
040 (9347217.002.000) 11/17 13:32:17 Finished transferring output files
...
005 (9347217.002.000) 11/17 13:32:17 Job terminated.
	(1) Normal termination (return value 0)
		Usr 0 00:00:22, Sys 0 00:00:02  -  Run Remote Usage
		Usr 0 00:00:00, Sys 0 00:00:00  -  Run Local Usage
		Usr 0 00:00:22, Sys 0 00:00:02  -  Total Remote Usage
		Usr 0 00:00:00, Sys 0 00:00:00  -  Total Local Usage
	18082  -  Run Bytes Sent By Job
	924  -  Run Bytes Received By Job
	18082  -  Total Bytes Sent By Job
	924  -  Total Bytes Received By Job
	Partitionable Resources :    Usage  Request Allocated 
	   Cpus                 :     0.50        1         1 
	   Disk (KB)            :    39           1   1648007 
	   Memory (MB)          :   140        2000      2000 

	Job terminated of its own accord at 2021-11-17T12:32:16Z.
...
