000 (9347217.017.000) 11/17 13:27:15 Job submitted from host: <137.138.76.70:9618?addrs=137.138.76.70-9618+[2001-1458-d00-1c--49]-9618&alias=bigbird11.cern.ch&noUDP&sock=schedd_3243_01b9>
...
040 (9347217.017.000) 11/17 13:31:26 Started transferring input files
	Transferring to host: <128.142.137.143:9618?addrs=128.142.137.143-9618+[2001-1458-301-5e--100-83]-9618&alias=b7g19p5173.cern.ch&noUDP&sock=slot1_1_10664_80ab_23658>
...
040 (9347217.017.000) 11/17 13:31:26 Finished transferring input files
...
001 (9347217.017.000) 11/17 13:31:27 Job executing on host: <128.142.137.143:9618?addrs=128.142.137.143-9618+[2001-1458-301-5e--100-83]-9618&alias=b7g19p5173.cern.ch&noUDP&sock=startd_43023_c729>
...
006 (9347217.017.000) 11/17 13:31:36 Image size of job updated: 248824
	167  -  MemoryUsage of job (MB)
	170760  -  ResidentSetSize of job (KB)
...
006 (9347217.017.000) 11/17 13:31:52 Image size of job updated: 977336
	167  -  MemoryUsage of job (MB)
	170760  -  ResidentSetSize of job (KB)
...
040 (9347217.017.000) 11/17 13:31:52 Started transferring output files
...
040 (9347217.017.000) 11/17 13:31:52 Finished transferring output files
...
005 (9347217.017.000) 11/17 13:31:52 Job terminated.
	(1) Normal termination (return value 0)
		Usr 0 00:00:12, Sys 0 00:00:01  -  Run Remote Usage
		Usr 0 00:00:00, Sys 0 00:00:00  -  Run Local Usage
		Usr 0 00:00:12, Sys 0 00:00:01  -  Total Remote Usage
		Usr 0 00:00:00, Sys 0 00:00:00  -  Total Local Usage
	18419  -  Run Bytes Sent By Job
	916  -  Run Bytes Received By Job
	18419  -  Total Bytes Sent By Job
	916  -  Total Bytes Received By Job
	Partitionable Resources :    Usage  Request Allocated 
	   Cpus                 :                 1         1 
	   Disk (KB)            :       32        1   1637726 
	   Memory (MB)          :      167     2000      2000 

	Job terminated of its own accord at 2021-11-17T12:31:52Z.
...
