000 (9347217.006.000) 11/17 13:27:14 Job submitted from host: <137.138.76.70:9618?addrs=137.138.76.70-9618+[2001-1458-d00-1c--49]-9618&alias=bigbird11.cern.ch&noUDP&sock=schedd_3243_01b9>
...
040 (9347217.006.000) 11/17 13:31:23 Started transferring input files
	Transferring to host: <128.142.137.54:9618?addrs=128.142.137.54-9618+[2001-1458-301-5e--100-2a]-9618&alias=b7g19p0129.cern.ch&noUDP&sock=slot1_2_19413_f6ef_24720>
...
040 (9347217.006.000) 11/17 13:31:23 Finished transferring input files
...
001 (9347217.006.000) 11/17 13:31:24 Job executing on host: <128.142.137.54:9618?addrs=128.142.137.54-9618+[2001-1458-301-5e--100-2a]-9618&alias=b7g19p0129.cern.ch&noUDP&sock=startd_19370_c98f>
...
006 (9347217.006.000) 11/17 13:31:33 Image size of job updated: 977708
	180  -  MemoryUsage of job (MB)
	183712  -  ResidentSetSize of job (KB)
...
040 (9347217.006.000) 11/17 13:31:44 Started transferring output files
...
040 (9347217.006.000) 11/17 13:31:44 Finished transferring output files
...
005 (9347217.006.000) 11/17 13:31:46 Job terminated.
	(1) Normal termination (return value 0)
		Usr 0 00:00:10, Sys 0 00:00:01  -  Run Remote Usage
		Usr 0 00:00:00, Sys 0 00:00:00  -  Run Local Usage
		Usr 0 00:00:10, Sys 0 00:00:01  -  Total Remote Usage
		Usr 0 00:00:00, Sys 0 00:00:00  -  Total Local Usage
	18058  -  Run Bytes Sent By Job
	924  -  Run Bytes Received By Job
	18058  -  Total Bytes Sent By Job
	924  -  Total Bytes Received By Job
	Partitionable Resources :    Usage  Request Allocated 
	   Cpus                 :     0.53        1         1 
	   Disk (KB)            :    40           1   1602517 
	   Memory (MB)          :   180        2000      2000 

	Job terminated of its own accord at 2021-11-17T12:31:44Z.
...
