000 (9347217.013.000) 11/17 13:27:14 Job submitted from host: <137.138.76.70:9618?addrs=137.138.76.70-9618+[2001-1458-d00-1c--49]-9618&alias=bigbird11.cern.ch&noUDP&sock=schedd_3243_01b9>
...
040 (9347217.013.000) 11/17 13:31:24 Started transferring input files
	Transferring to host: <128.142.137.112:9618?addrs=128.142.137.112-9618+[2001-1458-301-5e--100-64]-9618&alias=b7g19p5929.cern.ch&noUDP&sock=slot1_11_30063_da60_24334>
...
040 (9347217.013.000) 11/17 13:31:24 Finished transferring input files
...
001 (9347217.013.000) 11/17 13:31:25 Job executing on host: <128.142.137.112:9618?addrs=128.142.137.112-9618+[2001-1458-301-5e--100-64]-9618&alias=b7g19p5929.cern.ch&noUDP&sock=startd_36640_9225>
...
006 (9347217.013.000) 11/17 13:31:34 Image size of job updated: 118324
	74  -  MemoryUsage of job (MB)
	75032  -  ResidentSetSize of job (KB)
...
006 (9347217.013.000) 11/17 13:32:21 Image size of job updated: 982372
	74  -  MemoryUsage of job (MB)
	75036  -  ResidentSetSize of job (KB)
...
040 (9347217.013.000) 11/17 13:32:21 Started transferring output files
...
040 (9347217.013.000) 11/17 13:32:21 Finished transferring output files
...
005 (9347217.013.000) 11/17 13:32:21 Job terminated.
	(1) Normal termination (return value 0)
		Usr 0 00:00:26, Sys 0 00:00:02  -  Run Remote Usage
		Usr 0 00:00:00, Sys 0 00:00:00  -  Run Local Usage
		Usr 0 00:00:26, Sys 0 00:00:02  -  Total Remote Usage
		Usr 0 00:00:00, Sys 0 00:00:00  -  Total Local Usage
	18084  -  Run Bytes Sent By Job
	928  -  Run Bytes Received By Job
	18084  -  Total Bytes Sent By Job
	928  -  Total Bytes Received By Job
	Partitionable Resources :    Usage  Request Allocated 
	   Cpus                 :                 1         1 
	   Disk (KB)            :       32        1   1539378 
	   Memory (MB)          :       74     2000      2000 

	Job terminated of its own accord at 2021-11-17T12:32:21Z.
...
