000 (9347217.009.000) 11/17 13:27:14 Job submitted from host: <137.138.76.70:9618?addrs=137.138.76.70-9618+[2001-1458-d00-1c--49]-9618&alias=bigbird11.cern.ch&noUDP&sock=schedd_3243_01b9>
...
040 (9347217.009.000) 11/17 13:31:23 Started transferring input files
	Transferring to host: <128.142.137.133:9618?addrs=128.142.137.133-9618+[2001-1458-301-5e--100-79]-9618&alias=b7g19p5143.cern.ch&noUDP&sock=slot1_5_28734_73ca_24018>
...
040 (9347217.009.000) 11/17 13:31:23 Finished transferring input files
...
001 (9347217.009.000) 11/17 13:31:24 Job executing on host: <128.142.137.133:9618?addrs=128.142.137.133-9618+[2001-1458-301-5e--100-79]-9618&alias=b7g19p5143.cern.ch&noUDP&sock=startd_28691_37d2>
...
006 (9347217.009.000) 11/17 13:31:33 Image size of job updated: 388884
	166  -  MemoryUsage of job (MB)
	169832  -  ResidentSetSize of job (KB)
...
006 (9347217.009.000) 11/17 13:31:57 Image size of job updated: 982420
	166  -  MemoryUsage of job (MB)
	169832  -  ResidentSetSize of job (KB)
...
040 (9347217.009.000) 11/17 13:31:57 Started transferring output files
...
040 (9347217.009.000) 11/17 13:31:58 Finished transferring output files
...
005 (9347217.009.000) 11/17 13:31:58 Job terminated.
	(1) Normal termination (return value 0)
		Usr 0 00:00:21, Sys 0 00:00:01  -  Run Remote Usage
		Usr 0 00:00:00, Sys 0 00:00:00  -  Run Local Usage
		Usr 0 00:00:21, Sys 0 00:00:01  -  Total Remote Usage
		Usr 0 00:00:00, Sys 0 00:00:00  -  Total Local Usage
	18083  -  Run Bytes Sent By Job
	924  -  Run Bytes Received By Job
	18083  -  Total Bytes Sent By Job
	924  -  Total Bytes Received By Job
	Partitionable Resources :    Usage  Request Allocated 
	   Cpus                 :                 1         1 
	   Disk (KB)            :       32        1   1555280 
	   Memory (MB)          :      166     2000      2000 

	Job terminated of its own accord at 2021-11-17T12:31:57Z.
...
