000 (9347217.003.000) 11/17 13:27:14 Job submitted from host: <137.138.76.70:9618?addrs=137.138.76.70-9618+[2001-1458-d00-1c--49]-9618&alias=bigbird11.cern.ch&noUDP&sock=schedd_3243_01b9>
...
040 (9347217.003.000) 11/17 13:31:21 Started transferring input files
	Transferring to host: <128.142.131.40:9618?addrs=128.142.131.40-9618+[2001-1458-301-59--100-1c]-9618&alias=b7g11p9791.cern.ch&noUDP&sock=slot1_36_1588_a3ba_24698>
...
040 (9347217.003.000) 11/17 13:31:21 Finished transferring input files
...
001 (9347217.003.000) 11/17 13:31:22 Job executing on host: <128.142.131.40:9618?addrs=128.142.131.40-9618+[2001-1458-301-59--100-1c]-9618&alias=b7g11p9791.cern.ch&noUDP&sock=startd_1541_9388>
...
006 (9347217.003.000) 11/17 13:31:31 Image size of job updated: 213896
	141  -  MemoryUsage of job (MB)
	143400  -  ResidentSetSize of job (KB)
...
006 (9347217.003.000) 11/17 13:32:00 Image size of job updated: 982372
	141  -  MemoryUsage of job (MB)
	143532  -  ResidentSetSize of job (KB)
...
040 (9347217.003.000) 11/17 13:32:01 Started transferring output files
...
040 (9347217.003.000) 11/17 13:32:01 Finished transferring output files
...
005 (9347217.003.000) 11/17 13:32:01 Job terminated.
	(1) Normal termination (return value 0)
		Usr 0 00:00:20, Sys 0 00:00:01  -  Run Remote Usage
		Usr 0 00:00:00, Sys 0 00:00:00  -  Run Local Usage
		Usr 0 00:00:20, Sys 0 00:00:01  -  Total Remote Usage
		Usr 0 00:00:00, Sys 0 00:00:00  -  Total Local Usage
	18079  -  Run Bytes Sent By Job
	924  -  Run Bytes Received By Job
	18079  -  Total Bytes Sent By Job
	924  -  Total Bytes Received By Job
	Partitionable Resources :    Usage  Request Allocated 
	   Cpus                 :                 1         1 
	   Disk (KB)            :       32        1   1602009 
	   Memory (MB)          :      141     2000      2000 

	Job terminated of its own accord at 2021-11-17T12:32:00Z.
...
