000 (9347217.010.000) 11/17 13:27:14 Job submitted from host: <137.138.76.70:9618?addrs=137.138.76.70-9618+[2001-1458-d00-1c--49]-9618&alias=bigbird11.cern.ch&noUDP&sock=schedd_3243_01b9>
...
040 (9347217.010.000) 11/17 13:31:24 Started transferring input files
	Transferring to host: <128.142.132.74:9618?addrs=128.142.132.74-9618+[2001-1458-301-5a--100-3e]-9618&alias=b7g12p9791.cern.ch&noUDP&sock=slot1_17_5327_1a72_11809>
...
040 (9347217.010.000) 11/17 13:31:24 Finished transferring input files
...
001 (9347217.010.000) 11/17 13:31:25 Job executing on host: <128.142.132.74:9618?addrs=128.142.132.74-9618+[2001-1458-301-5a--100-3e]-9618&alias=b7g12p9791.cern.ch&noUDP&sock=startd_4646_5919>
...
006 (9347217.010.000) 11/17 13:31:34 Image size of job updated: 215580
	141  -  MemoryUsage of job (MB)
	143996  -  ResidentSetSize of job (KB)
...
006 (9347217.010.000) 11/17 13:32:14 Image size of job updated: 982336
	141  -  MemoryUsage of job (MB)
	144248  -  ResidentSetSize of job (KB)
...
040 (9347217.010.000) 11/17 13:32:14 Started transferring output files
...
040 (9347217.010.000) 11/17 13:32:14 Finished transferring output files
...
005 (9347217.010.000) 11/17 13:32:15 Job terminated.
	(1) Normal termination (return value 0)
		Usr 0 00:00:29, Sys 0 00:00:02  -  Run Remote Usage
		Usr 0 00:00:00, Sys 0 00:00:00  -  Run Local Usage
		Usr 0 00:00:29, Sys 0 00:00:02  -  Total Remote Usage
		Usr 0 00:00:00, Sys 0 00:00:00  -  Total Local Usage
	18087  -  Run Bytes Sent By Job
	928  -  Run Bytes Received By Job
	18087  -  Total Bytes Sent By Job
	928  -  Total Bytes Received By Job
	Partitionable Resources :    Usage  Request Allocated 
	   Cpus                 :                 1         1 
	   Disk (KB)            :       32        1   1656630 
	   Memory (MB)          :      141     2000      2000 

	Job terminated of its own accord at 2021-11-17T12:32:14Z.
...
