000 (9347217.001.000) 11/17 13:27:14 Job submitted from host: <137.138.76.70:9618?addrs=137.138.76.70-9618+[2001-1458-d00-1c--49]-9618&alias=bigbird11.cern.ch&noUDP&sock=schedd_3243_01b9>
...
040 (9347217.001.000) 11/17 13:31:20 Started transferring input files
	Transferring to host: <128.142.137.176:9618?addrs=128.142.137.176-9618+[2001-1458-301-5e--100-a4]-9618&alias=b7g19p5694.cern.ch&noUDP&sock=slot1_20_38197_fdea_23235>
...
040 (9347217.001.000) 11/17 13:31:20 Finished transferring input files
...
001 (9347217.001.000) 11/17 13:31:21 Job executing on host: <128.142.137.176:9618?addrs=128.142.137.176-9618+[2001-1458-301-5e--100-a4]-9618&alias=b7g19p5694.cern.ch&noUDP&sock=startd_38156_6bb9>
...
006 (9347217.001.000) 11/17 13:31:30 Image size of job updated: 214468
	141  -  MemoryUsage of job (MB)
	143652  -  ResidentSetSize of job (KB)
...
006 (9347217.001.000) 11/17 13:32:12 Image size of job updated: 982948
	141  -  MemoryUsage of job (MB)
	143952  -  ResidentSetSize of job (KB)
...
040 (9347217.001.000) 11/17 13:32:12 Started transferring output files
...
040 (9347217.001.000) 11/17 13:32:12 Finished transferring output files
...
005 (9347217.001.000) 11/17 13:32:12 Job terminated.
	(1) Normal termination (return value 0)
		Usr 0 00:00:29, Sys 0 00:00:02  -  Run Remote Usage
		Usr 0 00:00:00, Sys 0 00:00:00  -  Run Local Usage
		Usr 0 00:00:29, Sys 0 00:00:02  -  Total Remote Usage
		Usr 0 00:00:00, Sys 0 00:00:00  -  Total Local Usage
	18084  -  Run Bytes Sent By Job
	924  -  Run Bytes Received By Job
	18084  -  Total Bytes Sent By Job
	924  -  Total Bytes Received By Job
	Partitionable Resources :    Usage  Request Allocated 
	   Cpus                 :                 1         1 
	   Disk (KB)            :       32        1   1597148 
	   Memory (MB)          :      141     2000      2000 

	Job terminated of its own accord at 2021-11-17T12:32:12Z.
...
