000 (9347217.011.000) 11/17 13:27:14 Job submitted from host: <137.138.76.70:9618?addrs=137.138.76.70-9618+[2001-1458-d00-1c--49]-9618&alias=bigbird11.cern.ch&noUDP&sock=schedd_3243_01b9>
...
040 (9347217.011.000) 11/17 13:31:24 Started transferring input files
	Transferring to host: <128.142.137.65:9618?addrs=128.142.137.65-9618+[2001-1458-301-5e--100-35]-9618&alias=b7g19p5850.cern.ch&noUDP&sock=slot1_10_45678_087b_24061>
...
040 (9347217.011.000) 11/17 13:31:24 Finished transferring input files
...
001 (9347217.011.000) 11/17 13:31:25 Job executing on host: <128.142.137.65:9618?addrs=128.142.137.65-9618+[2001-1458-301-5e--100-35]-9618&alias=b7g19p5850.cern.ch&noUDP&sock=startd_36762_40b3>
...
006 (9347217.011.000) 11/17 13:31:34 Image size of job updated: 405908
	166  -  MemoryUsage of job (MB)
	169732  -  ResidentSetSize of job (KB)
...
006 (9347217.011.000) 11/17 13:31:53 Image size of job updated: 982376
	166  -  MemoryUsage of job (MB)
	169732  -  ResidentSetSize of job (KB)
...
040 (9347217.011.000) 11/17 13:31:53 Started transferring output files
...
040 (9347217.011.000) 11/17 13:31:53 Finished transferring output files
...
005 (9347217.011.000) 11/17 13:31:54 Job terminated.
	(1) Normal termination (return value 0)
		Usr 0 00:00:18, Sys 0 00:00:01  -  Run Remote Usage
		Usr 0 00:00:00, Sys 0 00:00:00  -  Run Local Usage
		Usr 0 00:00:18, Sys 0 00:00:01  -  Total Remote Usage
		Usr 0 00:00:00, Sys 0 00:00:00  -  Total Local Usage
	18064  -  Run Bytes Sent By Job
	928  -  Run Bytes Received By Job
	18064  -  Total Bytes Sent By Job
	928  -  Total Bytes Received By Job
	Partitionable Resources :    Usage  Request Allocated 
	   Cpus                 :                 1         1 
	   Disk (KB)            :       32        1   1437933 
	   Memory (MB)          :      166     2000      2000 

	Job terminated of its own accord at 2021-11-17T12:31:53Z.
...
