000 (9347217.022.000) 11/17 13:27:15 Job submitted from host: <137.138.76.70:9618?addrs=137.138.76.70-9618+[2001-1458-d00-1c--49]-9618&alias=bigbird11.cern.ch&noUDP&sock=schedd_3243_01b9>
...
040 (9347217.022.000) 11/17 13:31:26 Started transferring input files
	Transferring to host: <128.142.130.197:9618?addrs=128.142.130.197-9618+[2001-1458-301-58--100-b9]-9618&alias=b7g20p8704.cern.ch&noUDP&sock=slot1_30_24458_9f9c_17960>
...
040 (9347217.022.000) 11/17 13:31:26 Finished transferring input files
...
001 (9347217.022.000) 11/17 13:31:27 Job executing on host: <128.142.130.197:9618?addrs=128.142.130.197-9618+[2001-1458-301-58--100-b9]-9618&alias=b7g20p8704.cern.ch&noUDP&sock=startd_24414_8d43>
...
006 (9347217.022.000) 11/17 13:31:36 Image size of job updated: 586856
	141  -  MemoryUsage of job (MB)
	143432  -  ResidentSetSize of job (KB)
...
006 (9347217.022.000) 11/17 13:32:44 Image size of job updated: 976004
	141  -  MemoryUsage of job (MB)
	143528  -  ResidentSetSize of job (KB)
...
040 (9347217.022.000) 11/17 13:32:44 Started transferring output files
...
040 (9347217.022.000) 11/17 13:32:44 Finished transferring output files
...
005 (9347217.022.000) 11/17 13:32:45 Job terminated.
	(1) Normal termination (return value 0)
		Usr 0 00:00:17, Sys 0 00:00:03  -  Run Remote Usage
		Usr 0 00:00:00, Sys 0 00:00:00  -  Run Local Usage
		Usr 0 00:00:17, Sys 0 00:00:03  -  Total Remote Usage
		Usr 0 00:00:00, Sys 0 00:00:00  -  Total Local Usage
	25079  -  Run Bytes Sent By Job
	928  -  Run Bytes Received By Job
	25079  -  Total Bytes Sent By Job
	928  -  Total Bytes Received By Job
	Partitionable Resources :    Usage  Request Allocated 
	   Cpus                 :                 1         1 
	   Disk (KB)            :       39        1   1593150 
	   Memory (MB)          :      141     2000      2000 

	Job terminated of its own accord at 2021-11-17T12:32:44Z.
...
