000 (9347217.021.000) 11/17 13:27:15 Job submitted from host: <137.138.76.70:9618?addrs=137.138.76.70-9618+[2001-1458-d00-1c--49]-9618&alias=bigbird11.cern.ch&noUDP&sock=schedd_3243_01b9>
...
040 (9347217.021.000) 11/17 13:32:35 Started transferring input files
	Transferring to host: <128.142.131.40:9618?addrs=128.142.131.40-9618+[2001-1458-301-59--100-1c]-9618&alias=b7g11p9791.cern.ch&noUDP&sock=slot1_36_1588_a3ba_24699>
...
040 (9347217.021.000) 11/17 13:32:35 Finished transferring input files
...
001 (9347217.021.000) 11/17 13:32:36 Job executing on host: <128.142.131.40:9618?addrs=128.142.131.40-9618+[2001-1458-301-59--100-1c]-9618&alias=b7g11p9791.cern.ch&noUDP&sock=startd_1541_9388>
...
006 (9347217.021.000) 11/17 13:32:45 Image size of job updated: 216204
	142  -  MemoryUsage of job (MB)
	144676  -  ResidentSetSize of job (KB)
...
006 (9347217.021.000) 11/17 13:37:46 Image size of job updated: 1009072
	210  -  MemoryUsage of job (MB)
	214976  -  ResidentSetSize of job (KB)
...
006 (9347217.021.000) 11/17 13:42:46 Image size of job updated: 1009072
	211  -  MemoryUsage of job (MB)
	215116  -  ResidentSetSize of job (KB)
...
040 (9347217.021.000) 11/17 13:45:40 Started transferring output files
...
040 (9347217.021.000) 11/17 13:45:40 Finished transferring output files
...
005 (9347217.021.000) 11/17 13:45:41 Job terminated.
	(1) Normal termination (return value 0)
		Usr 0 00:03:52, Sys 0 00:00:22  -  Run Remote Usage
		Usr 0 00:00:00, Sys 0 00:00:00  -  Run Local Usage
		Usr 0 00:03:52, Sys 0 00:00:22  -  Total Remote Usage
		Usr 0 00:00:00, Sys 0 00:00:00  -  Total Local Usage
	122150  -  Run Bytes Sent By Job
	928  -  Run Bytes Received By Job
	122150  -  Total Bytes Sent By Job
	928  -  Total Bytes Received By Job
	Partitionable Resources :    Usage  Request Allocated 
	   Cpus                 :     0.33        1         1 
	   Disk (KB)            :   145           1   1601843 
	   Memory (MB)          :   211        2000      2000 

	Job terminated of its own accord at 2021-11-17T12:45:40Z.
...
