000 (9347217.012.000) 11/17 13:27:14 Job submitted from host: <137.138.76.70:9618?addrs=137.138.76.70-9618+[2001-1458-d00-1c--49]-9618&alias=bigbird11.cern.ch&noUDP&sock=schedd_3243_01b9>
...
040 (9347217.012.000) 11/17 13:31:24 Started transferring input files
	Transferring to host: <128.142.132.58:9618?addrs=128.142.132.58-9618+[2001-1458-301-5a--100-2e]-9618&alias=b7g12p1293.cern.ch&noUDP&sock=slot1_18_3989_5c7b_48348>
...
040 (9347217.012.000) 11/17 13:31:24 Finished transferring input files
...
001 (9347217.012.000) 11/17 13:31:25 Job executing on host: <128.142.132.58:9618?addrs=128.142.132.58-9618+[2001-1458-301-5a--100-2e]-9618&alias=b7g12p1293.cern.ch&noUDP&sock=startd_3361_f1e6>
...
006 (9347217.012.000) 11/17 13:31:34 Image size of job updated: 851264
	153  -  MemoryUsage of job (MB)
	156264  -  ResidentSetSize of job (KB)
...
006 (9347217.012.000) 11/17 13:32:06 Image size of job updated: 982404
	153  -  MemoryUsage of job (MB)
	156372  -  ResidentSetSize of job (KB)
...
040 (9347217.012.000) 11/17 13:32:06 Started transferring output files
...
040 (9347217.012.000) 11/17 13:32:06 Finished transferring output files
...
005 (9347217.012.000) 11/17 13:32:06 Job terminated.
	(1) Normal termination (return value 0)
		Usr 0 00:00:25, Sys 0 00:00:02  -  Run Remote Usage
		Usr 0 00:00:00, Sys 0 00:00:00  -  Run Local Usage
		Usr 0 00:00:25, Sys 0 00:00:02  -  Total Remote Usage
		Usr 0 00:00:00, Sys 0 00:00:00  -  Total Local Usage
	18084  -  Run Bytes Sent By Job
	928  -  Run Bytes Received By Job
	18084  -  Total Bytes Sent By Job
	928  -  Total Bytes Received By Job
	Partitionable Resources :    Usage  Request Allocated 
	   Cpus                 :                 1         1 
	   Disk (KB)            :       32        1   1635562 
	   Memory (MB)          :      153     2000      2000 

	Job terminated of its own accord at 2021-11-17T12:32:06Z.
...
