000 (9347217.020.000) 11/17 13:27:15 Job submitted from host: <137.138.76.70:9618?addrs=137.138.76.70-9618+[2001-1458-d00-1c--49]-9618&alias=bigbird11.cern.ch&noUDP&sock=schedd_3243_01b9>
...
040 (9347217.020.000) 11/17 13:31:26 Started transferring input files
	Transferring to host: <128.142.137.36:9618?addrs=128.142.137.36-9618+[2001-1458-301-5e--100-18]-9618&alias=b7g19p6399.cern.ch&noUDP&sock=slot1_14_12920_0f06_24579>
...
040 (9347217.020.000) 11/17 13:31:26 Finished transferring input files
...
001 (9347217.020.000) 11/17 13:31:27 Job executing on host: <128.142.137.36:9618?addrs=128.142.137.36-9618+[2001-1458-301-5e--100-18]-9618&alias=b7g19p6399.cern.ch&noUDP&sock=startd_36681_b188>
...
006 (9347217.020.000) 11/17 13:31:36 Image size of job updated: 217568
	142  -  MemoryUsage of job (MB)
	145136  -  ResidentSetSize of job (KB)
...
006 (9347217.020.000) 11/17 13:36:37 Image size of job updated: 1007976
	211  -  MemoryUsage of job (MB)
	215992  -  ResidentSetSize of job (KB)
...
006 (9347217.020.000) 11/17 13:41:38 Image size of job updated: 1013100
	213  -  MemoryUsage of job (MB)
	217276  -  ResidentSetSize of job (KB)
...
006 (9347217.020.000) 11/17 13:46:38 Image size of job updated: 1013100
	213  -  MemoryUsage of job (MB)
	217288  -  ResidentSetSize of job (KB)
...
006 (9347217.020.000) 11/17 13:51:39 Image size of job updated: 1013100
	213  -  MemoryUsage of job (MB)
	217296  -  ResidentSetSize of job (KB)
...
006 (9347217.020.000) 11/17 13:56:40 Image size of job updated: 1013100
	213  -  MemoryUsage of job (MB)
	217340  -  ResidentSetSize of job (KB)
...
006 (9347217.020.000) 11/17 14:01:40 Image size of job updated: 1013100
	213  -  MemoryUsage of job (MB)
	217356  -  ResidentSetSize of job (KB)
...
040 (9347217.020.000) 11/17 14:02:09 Started transferring output files
...
040 (9347217.020.000) 11/17 14:02:09 Finished transferring output files
...
005 (9347217.020.000) 11/17 14:02:09 Job terminated.
	(1) Normal termination (return value 0)
		Usr 0 00:07:05, Sys 0 00:00:35  -  Run Remote Usage
		Usr 0 00:00:00, Sys 0 00:00:00  -  Run Local Usage
		Usr 0 00:07:05, Sys 0 00:00:35  -  Total Remote Usage
		Usr 0 00:00:00, Sys 0 00:00:00  -  Total Local Usage
	133017  -  Run Bytes Sent By Job
	928  -  Run Bytes Received By Job
	133017  -  Total Bytes Sent By Job
	928  -  Total Bytes Received By Job
	Partitionable Resources :    Usage  Request Allocated 
	   Cpus                 :     0.17        1         1 
	   Disk (KB)            :   176           1   1592624 
	   Memory (MB)          :   213        2000      2000 

	Job terminated of its own accord at 2021-11-17T13:02:08Z.
...
