000 (9347217.015.000) 11/17 13:27:15 Job submitted from host: <137.138.76.70:9618?addrs=137.138.76.70-9618+[2001-1458-d00-1c--49]-9618&alias=bigbird11.cern.ch&noUDP&sock=schedd_3243_01b9>
...
040 (9347217.015.000) 11/17 13:31:26 Started transferring input files
	Transferring to host: <128.142.132.23:9618?addrs=128.142.132.23-9618+[2001-1458-301-5a--100-b]-9618&alias=b7g12p3047.cern.ch&noUDP&sock=slot1_5_24528_f1df_48754>
...
040 (9347217.015.000) 11/17 13:31:26 Finished transferring input files
...
001 (9347217.015.000) 11/17 13:31:27 Job executing on host: <128.142.132.23:9618?addrs=128.142.132.23-9618+[2001-1458-301-5a--100-b]-9618&alias=b7g12p3047.cern.ch&noUDP&sock=startd_37930_6751>
...
006 (9347217.015.000) 11/17 13:31:35 Image size of job updated: 476956
	73  -  MemoryUsage of job (MB)
	74104  -  ResidentSetSize of job (KB)
...
006 (9347217.015.000) 11/17 13:32:14 Image size of job updated: 982476
	73  -  MemoryUsage of job (MB)
	74104  -  ResidentSetSize of job (KB)
...
040 (9347217.015.000) 11/17 13:32:16 Started transferring output files
...
040 (9347217.015.000) 11/17 13:32:16 Finished transferring output files
...
005 (9347217.015.000) 11/17 13:32:16 Job terminated.
	(1) Normal termination (return value 0)
		Usr 0 00:00:25, Sys 0 00:00:02  -  Run Remote Usage
		Usr 0 00:00:00, Sys 0 00:00:00  -  Run Local Usage
		Usr 0 00:00:25, Sys 0 00:00:02  -  Total Remote Usage
		Usr 0 00:00:00, Sys 0 00:00:00  -  Total Local Usage
	18085  -  Run Bytes Sent By Job
	928  -  Run Bytes Received By Job
	18085  -  Total Bytes Sent By Job
	928  -  Total Bytes Received By Job
	Partitionable Resources :    Usage  Request Allocated 
	   Cpus                 :                 1         1 
	   Disk (KB)            :       32        1   1606429 
	   Memory (MB)          :       73     2000      2000 

	Job terminated of its own accord at 2021-11-17T12:32:14Z.
...
