000 (9347217.018.000) 11/17 13:27:15 Job submitted from host: <137.138.76.70:9618?addrs=137.138.76.70-9618+[2001-1458-d00-1c--49]-9618&alias=bigbird11.cern.ch&noUDP&sock=schedd_3243_01b9>
...
040 (9347217.018.000) 11/17 13:31:26 Started transferring input files
	Transferring to host: <128.142.131.55:9618?addrs=128.142.131.55-9618+[2001-1458-301-59--100-2b]-9618&alias=b7g11p0735.cern.ch&noUDP&sock=slot1_12_9249_81d1_24896>
...
040 (9347217.018.000) 11/17 13:31:26 Finished transferring input files
...
001 (9347217.018.000) 11/17 13:31:27 Job executing on host: <128.142.131.55:9618?addrs=128.142.131.55-9618+[2001-1458-301-59--100-2b]-9618&alias=b7g11p0735.cern.ch&noUDP&sock=startd_43162_1ed3>
...
006 (9347217.018.000) 11/17 13:31:36 Image size of job updated: 217612
	142  -  MemoryUsage of job (MB)
	145168  -  ResidentSetSize of job (KB)
...
006 (9347217.018.000) 11/17 13:36:37 Image size of job updated: 1009660
	213  -  MemoryUsage of job (MB)
	217576  -  ResidentSetSize of job (KB)
...
006 (9347217.018.000) 11/17 13:41:38 Image size of job updated: 1009660
	213  -  MemoryUsage of job (MB)
	217672  -  ResidentSetSize of job (KB)
...
006 (9347217.018.000) 11/17 13:46:38 Image size of job updated: 1009660
	213  -  MemoryUsage of job (MB)
	217716  -  ResidentSetSize of job (KB)
...
040 (9347217.018.000) 11/17 13:48:45 Started transferring output files
...
040 (9347217.018.000) 11/17 13:48:45 Finished transferring output files
...
005 (9347217.018.000) 11/17 13:48:45 Job terminated.
	(1) Normal termination (return value 0)
		Usr 0 00:04:48, Sys 0 00:00:29  -  Run Remote Usage
		Usr 0 00:00:00, Sys 0 00:00:00  -  Run Local Usage
		Usr 0 00:04:48, Sys 0 00:00:29  -  Total Remote Usage
		Usr 0 00:00:00, Sys 0 00:00:00  -  Total Local Usage
	125813  -  Run Bytes Sent By Job
	928  -  Run Bytes Received By Job
	125813  -  Total Bytes Sent By Job
	928  -  Total Bytes Received By Job
	Partitionable Resources :    Usage  Request Allocated 
	   Cpus                 :     0.17        1         1 
	   Disk (KB)            :   153           1   1559716 
	   Memory (MB)          :   213        2000      2000 

	Job terminated of its own accord at 2021-11-17T12:48:45Z.
...
