subject   : /DC=ch/DC=cern/OU=Organic Units/OU=Users/CN=srudrabh/CN=822829/CN=Sahithi Rudrabhatla/CN=804027306
issuer    : /DC=ch/DC=cern/OU=Organic Units/OU=Users/CN=srudrabh/CN=822829/CN=Sahithi Rudrabhatla
identity  : /DC=ch/DC=cern/OU=Organic Units/OU=Users/CN=srudrabh/CN=822829/CN=Sahithi Rudrabhatla
type      : RFC3820 compliant impersonation proxy
strength  : 2048
path      : /afs/cern.ch/user/s/srudrabh/.proxy
timeleft  : 11:50:03
key usage : Digital Signature, Key Encipherment
/pool/condor/dir_46093/tmp
======================
==== makeNominals ====
======================
 supercut =  MinIf$( WH3l_mOSll[], WH3l_mOSll[Iteration$] > 0) > 12             && Alt$(Lepton_pt[0],0)>25             && Alt$(Lepton_pt[1],0)>20             && Alt$(Lepton_pt[2],0)>15             && Alt$(Lepton_pt[3],0)<10             && abs(WH3l_chlll) == 1            
 outputFileName =  /afs/cern.ch/work/s/srudrabh/AZH/Analysis/CMSSW_10_6_4/src/PlotsConfigurations/Configurations/AToZH/Full2018_v7/rootFiles_AZH_2018_v7/plots_AZH_2018_v7_ALL_Fake.4.root

  <cuts>
cut =  preselection  ::  1
cut =  zmass_cut  ::  WH3l_ZVeto < 25
cut =  jet_cut_4j  ::   Alt$( CleanJet_pt[0], 0) > 30                     && Alt$( CleanJet_pt[1], 0) > 30                     && Alt$( CleanJet_pt[2], 0) > 30                     && Alt$( CleanJet_pt[3], 0) > 30                     && WH3l_ZVeto < 25                     
cut =  breq  ::   Alt$( CleanJet_pt[0], 0) > 30                && Alt$( CleanJet_pt[1], 0) > 30                && Alt$( CleanJet_pt[2], 0) > 30                && Alt$( CleanJet_pt[3], 0) > 30                && WH3l_ZVeto < 25                && bReq                

  <variables>
    variable = events :: 1
      range: (1, 0, 2)
    variable = njet :: ZH3l_njet
      range: (10, 0, 10)
    variable = pt1 :: Lepton_pt[0]
      range: (10, 0.0, 200)
    variable = ptz :: ZH3l_pTZ
      range: (20, 0, 400)
    variable = checkmZ :: ZH3l_checkmZ
      range: (20, 0, 200)
    variable = ptjet0 :: CleanJet_pt[0]
      range: (20, 0, 200)
    variable = ptjet1 :: CleanJet_pt[1]
      range: (20, 0, 200)

  <nuisances>
    nuisance = lumi_Uncorrelated :: lumi_13TeV_2018
      type: lnN
    nuisance = lumi_XYFact :: lumi_13TeV_XYFact
      type: lnN
    nuisance = lumi_LScale :: lumi_13TeV_LSCale
      type: lnN
    nuisance = lumi_CurrCalib :: lumi_13TeV_CurrCalib
      type: lnN

  <start histogram filling>
    sample = Fake
    name: ['###root://eoscms.cern.ch//eos/cms/store/group/phys_higgs/cmshww/amassiro/HWWNano/Run2018_102X_nAODv7_Full2018v7/DATAl1loose2018v7__l2loose__fakeW/nanoLatino_EGamma_Run2018D-02Apr2020-v1__part6.root', '###root://eoscms.cern.ch//eos/cms/store/group/phys_higgs/cmshww/amassiro/HWWNano/Run2018_102X_nAODv7_Full2018v7/DATAl1loose2018v7__l2loose__fakeW/nanoLatino_EGamma_Run2018D-02Apr2020-v1__part60.root', '###root://eoscms.cern.ch//eos/cms/store/group/phys_higgs/cmshww/amassiro/HWWNano/Run2018_102X_nAODv7_Full2018v7/DATAl1loose2018v7__l2loose__fakeW/nanoLatino_EGamma_Run2018D-02Apr2020-v1__part61.root', '###root://eoscms.cern.ch//eos/cms/store/group/phys_higgs/cmshww/amassiro/HWWNano/Run2018_102X_nAODv7_Full2018v7/DATAl1loose2018v7__l2loose__fakeW/nanoLatino_EGamma_Run2018D-02Apr2020-v1__part62.root', '###root://eoscms.cern.ch//eos/cms/store/group/phys_higgs/cmshww/amassiro/HWWNano/Run2018_102X_nAODv7_Full2018v7/DATAl1loose2018v7__l2loose__fakeW/nanoLatino_EGamma_Run2018D-02Apr2020-v1__part63.root', '###root://eoscms.cern.ch//eos/cms/store/group/phys_higgs/cmshww/amassiro/HWWNano/Run2018_102X_nAODv7_Full2018v7/DATAl1loose2018v7__l2loose__fakeW/nanoLatino_EGamma_Run2018D-02Apr2020-v1__part64.root', '###root://eoscms.cern.ch//eos/cms/store/group/phys_higgs/cmshww/amassiro/HWWNano/Run2018_102X_nAODv7_Full2018v7/DATAl1loose2018v7__l2loose__fakeW/nanoLatino_EGamma_Run2018D-02Apr2020-v1__part65.root', '###root://eoscms.cern.ch//eos/cms/store/group/phys_higgs/cmshww/amassiro/HWWNano/Run2018_102X_nAODv7_Full2018v7/DATAl1loose2018v7__l2loose__fakeW/nanoLatino_EGamma_Run2018D-02Apr2020-v1__part66.root', '###root://eoscms.cern.ch//eos/cms/store/group/phys_higgs/cmshww/amassiro/HWWNano/Run2018_102X_nAODv7_Full2018v7/DATAl1loose2018v7__l2loose__fakeW/nanoLatino_EGamma_Run2018D-02Apr2020-v1__part67.root', '###root://eoscms.cern.ch//eos/cms/store/group/phys_higgs/cmshww/amassiro/HWWNano/Run2018_102X_nAODv7_Full2018v7/DATAl1loose2018v7__l2loose__fakeW/nanoLatino_EGamma_Run2018D-02Apr2020-v1__part68.root', '###root://eoscms.cern.ch//eos/cms/store/group/phys_higgs/cmshww/amassiro/HWWNano/Run2018_102X_nAODv7_Full2018v7/DATAl1loose2018v7__l2loose__fakeW/nanoLatino_EGamma_Run2018D-02Apr2020-v1__part69.root', '###root://eoscms.cern.ch//eos/cms/store/group/phys_higgs/cmshww/amassiro/HWWNano/Run2018_102X_nAODv7_Full2018v7/DATAl1loose2018v7__l2loose__fakeW/nanoLatino_EGamma_Run2018D-02Apr2020-v1__part7.root', '###root://eoscms.cern.ch//eos/cms/store/group/phys_higgs/cmshww/amassiro/HWWNano/Run2018_102X_nAODv7_Full2018v7/DATAl1loose2018v7__l2loose__fakeW/nanoLatino_EGamma_Run2018D-02Apr2020-v1__part70.root', '###root://eoscms.cern.ch//eos/cms/store/group/phys_higgs/cmshww/amassiro/HWWNano/Run2018_102X_nAODv7_Full2018v7/DATAl1loose2018v7__l2loose__fakeW/nanoLatino_EGamma_Run2018D-02Apr2020-v1__part71.root', '###root://eoscms.cern.ch//eos/cms/store/group/phys_higgs/cmshww/amassiro/HWWNano/Run2018_102X_nAODv7_Full2018v7/DATAl1loose2018v7__l2loose__fakeW/nanoLatino_EGamma_Run2018D-02Apr2020-v1__part72.root', '###root://eoscms.cern.ch//eos/cms/store/group/phys_higgs/cmshww/amassiro/HWWNano/Run2018_102X_nAODv7_Full2018v7/DATAl1loose2018v7__l2loose__fakeW/nanoLatino_EGamma_Run2018D-02Apr2020-v1__part73.root', '###root://eoscms.cern.ch//eos/cms/store/group/phys_higgs/cmshww/amassiro/HWWNano/Run2018_102X_nAODv7_Full2018v7/DATAl1loose2018v7__l2loose__fakeW/nanoLatino_EGamma_Run2018D-02Apr2020-v1__part74.root', '###root://eoscms.cern.ch//eos/cms/store/group/phys_higgs/cmshww/amassiro/HWWNano/Run2018_102X_nAODv7_Full2018v7/DATAl1loose2018v7__l2loose__fakeW/nanoLatino_EGamma_Run2018D-02Apr2020-v1__part75.root', '###root://eoscms.cern.ch//eos/cms/store/group/phys_higgs/cmshww/amassiro/HWWNano/Run2018_102X_nAODv7_Full2018v7/DATAl1loose2018v7__l2loose__fakeW/nanoLatino_EGamma_Run2018D-02Apr2020-v1__part76.root', '###root://eoscms.cern.ch//eos/cms/store/group/phys_higgs/cmshww/amassiro/HWWNano/Run2018_102X_nAODv7_Full2018v7/DATAl1loose2018v7__l2loose__fakeW/nanoLatino_EGamma_Run2018D-02Apr2020-v1__part77.root', '###root://eoscms.cern.ch//eos/cms/store/group/phys_higgs/cmshww/amassiro/HWWNano/Run2018_102X_nAODv7_Full2018v7/DATAl1loose2018v7__l2loose__fakeW/nanoLatino_EGamma_Run2018D-02Apr2020-v1__part78.root', '###root://eoscms.cern.ch//eos/cms/store/group/phys_higgs/cmshww/amassiro/HWWNano/Run2018_102X_nAODv7_Full2018v7/DATAl1loose2018v7__l2loose__fakeW/nanoLatino_EGamma_Run2018D-02Apr2020-v1__part79.root', '###root://eoscms.cern.ch//eos/cms/store/group/phys_higgs/cmshww/amassiro/HWWNano/Run2018_102X_nAODv7_Full2018v7/DATAl1loose2018v7__l2loose__fakeW/nanoLatino_EGamma_Run2018D-02Apr2020-v1__part8.root', '###root://eoscms.cern.ch//eos/cms/store/group/phys_higgs/cmshww/amassiro/HWWNano/Run2018_102X_nAODv7_Full2018v7/DATAl1loose2018v7__l2loose__fakeW/nanoLatino_EGamma_Run2018D-02Apr2020-v1__part80.root', '###root://eoscms.cern.ch//eos/cms/store/group/phys_higgs/cmshww/amassiro/HWWNano/Run2018_102X_nAODv7_Full2018v7/DATAl1loose2018v7__l2loose__fakeW/nanoLatino_EGamma_Run2018D-02Apr2020-v1__part81.root', '###root://eoscms.cern.ch//eos/cms/store/group/phys_higgs/cmshww/amassiro/HWWNano/Run2018_102X_nAODv7_Full2018v7/DATAl1loose2018v7__l2loose__fakeW/nanoLatino_EGamma_Run2018D-02Apr2020-v1__part82.root', '###root://eoscms.cern.ch//eos/cms/store/group/phys_higgs/cmshww/amassiro/HWWNano/Run2018_102X_nAODv7_Full2018v7/DATAl1loose2018v7__l2loose__fakeW/nanoLatino_EGamma_Run2018D-02Apr2020-v1__part83.root', '###root://eoscms.cern.ch//eos/cms/store/group/phys_higgs/cmshww/amassiro/HWWNano/Run2018_102X_nAODv7_Full2018v7/DATAl1loose2018v7__l2loose__fakeW/nanoLatino_EGamma_Run2018D-02Apr2020-v1__part84.root', '###root://eoscms.cern.ch//eos/cms/store/group/phys_higgs/cmshww/amassiro/HWWNano/Run2018_102X_nAODv7_Full2018v7/DATAl1loose2018v7__l2loose__fakeW/nanoLatino_EGamma_Run2018D-02Apr2020-v1__part85.root', '###root://eoscms.cern.ch//eos/cms/store/group/phys_higgs/cmshww/amassiro/HWWNano/Run2018_102X_nAODv7_Full2018v7/DATAl1loose2018v7__l2loose__fakeW/nanoLatino_EGamma_Run2018D-02Apr2020-v1__part86.root', '###root://eoscms.cern.ch//eos/cms/store/group/phys_higgs/cmshww/amassiro/HWWNano/Run2018_102X_nAODv7_Full2018v7/DATAl1loose2018v7__l2loose__fakeW/nanoLatino_EGamma_Run2018D-02Apr2020-v1__part87.root', '###root://eoscms.cern.ch//eos/cms/store/group/phys_higgs/cmshww/amassiro/HWWNano/Run2018_102X_nAODv7_Full2018v7/DATAl1loose2018v7__l2loose__fakeW/nanoLatino_EGamma_Run2018D-02Apr2020-v1__part88.root', '###root://eoscms.cern.ch//eos/cms/store/group/phys_higgs/cmshww/amassiro/HWWNano/Run2018_102X_nAODv7_Full2018v7/DATAl1loose2018v7__l2loose__fakeW/nanoLatino_EGamma_Run2018D-02Apr2020-v1__part89.root', '###root://eoscms.cern.ch//eos/cms/store/group/phys_higgs/cmshww/amassiro/HWWNano/Run2018_102X_nAODv7_Full2018v7/DATAl1loose2018v7__l2loose__fakeW/nanoLatino_EGamma_Run2018D-02Apr2020-v1__part9.root', '###root://eoscms.cern.ch//eos/cms/store/group/phys_higgs/cmshww/amassiro/HWWNano/Run2018_102X_nAODv7_Full2018v7/DATAl1loose2018v7__l2loose__fakeW/nanoLatino_EGamma_Run2018D-02Apr2020-v1__part90.root', '###root://eoscms.cern.ch//eos/cms/store/group/phys_higgs/cmshww/amassiro/HWWNano/Run2018_102X_nAODv7_Full2018v7/DATAl1loose2018v7__l2loose__fakeW/nanoLatino_EGamma_Run2018D-02Apr2020-v1__part91.root', '###root://eoscms.cern.ch//eos/cms/store/group/phys_higgs/cmshww/amassiro/HWWNano/Run2018_102X_nAODv7_Full2018v7/DATAl1loose2018v7__l2loose__fakeW/nanoLatino_EGamma_Run2018D-02Apr2020-v1__part92.root', '###root://eoscms.cern.ch//eos/cms/store/group/phys_higgs/cmshww/amassiro/HWWNano/Run2018_102X_nAODv7_Full2018v7/DATAl1loose2018v7__l2loose__fakeW/nanoLatino_EGamma_Run2018D-02Apr2020-v1__part93.root', '###root://eoscms.cern.ch//eos/cms/store/group/phys_higgs/cmshww/amassiro/HWWNano/Run2018_102X_nAODv7_Full2018v7/DATAl1loose2018v7__l2loose__fakeW/nanoLatino_EGamma_Run2018D-02Apr2020-v1__part94.root', '###root://eoscms.cern.ch//eos/cms/store/group/phys_higgs/cmshww/amassiro/HWWNano/Run2018_102X_nAODv7_Full2018v7/DATAl1loose2018v7__l2loose__fakeW/nanoLatino_EGamma_Run2018D-02Apr2020-v1__part95.root', '###root://eoscms.cern.ch//eos/cms/store/group/phys_higgs/cmshww/amassiro/HWWNano/Run2018_102X_nAODv7_Full2018v7/DATAl1loose2018v7__l2loose__fakeW/nanoLatino_EGamma_Run2018D-02Apr2020-v1__part96.root', '###root://eoscms.cern.ch//eos/cms/store/group/phys_higgs/cmshww/amassiro/HWWNano/Run2018_102X_nAODv7_Full2018v7/DATAl1loose2018v7__l2loose__fakeW/nanoLatino_EGamma_Run2018D-02Apr2020-v1__part97.root', '###root://eoscms.cern.ch//eos/cms/store/group/phys_higgs/cmshww/amassiro/HWWNano/Run2018_102X_nAODv7_Full2018v7/DATAl1loose2018v7__l2loose__fakeW/nanoLatino_EGamma_Run2018D-02Apr2020-v1__part98.root', '###root://eoscms.cern.ch//eos/cms/store/group/phys_higgs/cmshww/amassiro/HWWNano/Run2018_102X_nAODv7_Full2018v7/DATAl1loose2018v7__l2loose__fakeW/nanoLatino_EGamma_Run2018D-02Apr2020-v1__part99.root']
    outputFormat: {sample}{subsample}{nuisance}
  connectInputs from ./data/
  (44 files)

    subsample/cut = e/preselection :: (abs(ZH3l_pdgid_l) == 11) * (1)

    subsample/cut = e/zmass_cut :: (abs(ZH3l_pdgid_l) == 11) * (WH3l_ZVeto < 25)

    subsample/cut = e/jet_cut_4j :: (abs(ZH3l_pdgid_l) == 11) * ( Alt$( CleanJet_pt[0], 0) > 30                     && Alt$( CleanJet_pt[1], 0) > 30                     && Alt$( CleanJet_pt[2], 0) > 30                     && Alt$( CleanJet_pt[3], 0) > 30                     && WH3l_ZVeto < 25                     )

    subsample/cut = e/breq :: (abs(ZH3l_pdgid_l) == 11) * ( Alt$( CleanJet_pt[0], 0) > 30                && Alt$( CleanJet_pt[1], 0) > 30                && Alt$( CleanJet_pt[2], 0) > 30                && Alt$( CleanJet_pt[3], 0) > 30                && WH3l_ZVeto < 25                && bReq                )

    subsample/cut = m/preselection :: (abs(ZH3l_pdgid_l) == 13) * (1)

    subsample/cut = m/zmass_cut :: (abs(ZH3l_pdgid_l) == 13) * (WH3l_ZVeto < 25)

    subsample/cut = m/jet_cut_4j :: (abs(ZH3l_pdgid_l) == 13) * ( Alt$( CleanJet_pt[0], 0) > 30                     && Alt$( CleanJet_pt[1], 0) > 30                     && Alt$( CleanJet_pt[2], 0) > 30                     && Alt$( CleanJet_pt[3], 0) > 30                     && WH3l_ZVeto < 25                     )

    subsample/cut = m/breq :: (abs(ZH3l_pdgid_l) == 13) * ( Alt$( CleanJet_pt[0], 0) > 30                && Alt$( CleanJet_pt[1], 0) > 30                && Alt$( CleanJet_pt[2], 0) > 30                && Alt$( CleanJet_pt[3], 0) > 30                && WH3l_ZVeto < 25                && bReq                )

Start nominal histogram fill
 Adding alias bVeto = (Sum$( CleanJet_pt > 20.0 && abs(CleanJet_eta) < 2.5 && Jet_btagDeepB[CleanJet_jetIdx] > 0.4184 ) == 0) (multiplicity 0)
 Adding alias bReq = (Sum$( CleanJet_pt > 30.0 && abs(CleanJet_eta) < 2.5 && Jet_btagDeepB[CleanJet_jetIdx] > 0.8953 ) >= 2) (multiplicity 0)
Initializing cut "e__breq"
Initializing cut "e__jet_cut_4j"
Initializing cut "e__preselection"
Initializing cut "e__zmass_cut"
Initializing cut "m__breq"
Initializing cut "m__jet_cut_4j"
Initializing cut "m__preselection"
Initializing cut "m__zmass_cut"
      0 events      100000 events      200000 events      300000 events      400000 events      500000 events      600000 events      700000 events      800000 events      900000 events      1000000 events      1100000 events      1200000 events      1300000 events      1400000 events      1500000 events
 Execution time: 0.0424259 ms/evt
        Time spent on tree input: 0.0245574 ms/evt
        Time spent on event reweighting: 0.00444416 ms/evt
        cut [Event filter]: 0.0112825 ms/evt
        cut e__breq: 1875.05 ms/evt
        cut e__jet_cut_4j: 5.88708 ms/evt
        cut e__preselection: 746.305 ms/evt
        cut e__zmass_cut: 448.992 ms/evt
        cut m__breq: 4.19562 ms/evt
        cut m__jet_cut_4j: 6.59428 ms/evt
        cut m__preselection: 132.223 ms/evt
        cut m__zmass_cut: 3.96236 ms/evt
      1504925 events
        Cut [Event filter]: passed total 1290
        Cut e__breq: passed total 1
        Cut e__jet_cut_4j: passed total 19
        Cut e__preselection: passed total 704
        Cut e__zmass_cut: passed total 538
        Cut m__breq: passed total 1
        Cut m__jet_cut_4j: passed total 15
        Cut m__preselection: passed total 460
        Cut m__zmass_cut: passed total 354
Postfill
  subsample/cut = e/preselection :: (abs(ZH3l_pdgid_l) == 11) * (1)
    preselection/events/histo_Fake_e
    variable[fold] =  3
    preselection/njet/histo_Fake_e
    variable[fold] =  0
    preselection/pt1/histo_Fake_e
    variable[fold] =  0
    preselection/ptz/histo_Fake_e
    variable[fold] =  0
    preselection/checkmZ/histo_Fake_e
    variable[fold] =  0
    preselection/ptjet0/histo_Fake_e
    variable[fold] =  0
    preselection/ptjet1/histo_Fake_e
    variable[fold] =  0
  subsample/cut = e/zmass_cut :: (abs(ZH3l_pdgid_l) == 11) * (WH3l_ZVeto < 25)
    zmass_cut/events/histo_Fake_e
    variable[fold] =  3
    zmass_cut/njet/histo_Fake_e
    variable[fold] =  0
    zmass_cut/pt1/histo_Fake_e
    variable[fold] =  0
    zmass_cut/ptz/histo_Fake_e
    variable[fold] =  0
    zmass_cut/checkmZ/histo_Fake_e
    variable[fold] =  0
    zmass_cut/ptjet0/histo_Fake_e
    variable[fold] =  0
    zmass_cut/ptjet1/histo_Fake_e
    variable[fold] =  0
  subsample/cut = e/jet_cut_4j :: (abs(ZH3l_pdgid_l) == 11) * ( Alt$( CleanJet_pt[0], 0) > 30                     && Alt$( CleanJet_pt[1], 0) > 30                     && Alt$( CleanJet_pt[2], 0) > 30                     && Alt$( CleanJet_pt[3], 0) > 30                     && WH3l_ZVeto < 25                     )
    jet_cut_4j/events/histo_Fake_e
    variable[fold] =  3
    jet_cut_4j/njet/histo_Fake_e
    variable[fold] =  0
    jet_cut_4j/pt1/histo_Fake_e
    variable[fold] =  0
    jet_cut_4j/ptz/histo_Fake_e
    variable[fold] =  0
    jet_cut_4j/checkmZ/histo_Fake_e
    variable[fold] =  0
    jet_cut_4j/ptjet0/histo_Fake_e
    variable[fold] =  0
    jet_cut_4j/ptjet1/histo_Fake_e
    variable[fold] =  0
  subsample/cut = e/breq :: (abs(ZH3l_pdgid_l) == 11) * ( Alt$( CleanJet_pt[0], 0) > 30                && Alt$( CleanJet_pt[1], 0) > 30                && Alt$( CleanJet_pt[2], 0) > 30                && Alt$( CleanJet_pt[3], 0) > 30                && WH3l_ZVeto < 25                && bReq                )
    breq/events/histo_Fake_e
    variable[fold] =  3
    breq/njet/histo_Fake_e
    variable[fold] =  0
    breq/pt1/histo_Fake_e
    variable[fold] =  0
    breq/ptz/histo_Fake_e
    variable[fold] =  0
    breq/checkmZ/histo_Fake_e
    variable[fold] =  0
    breq/ptjet0/histo_Fake_e
    variable[fold] =  0
    breq/ptjet1/histo_Fake_e
    variable[fold] =  0
  subsample/cut = m/preselection :: (abs(ZH3l_pdgid_l) == 13) * (1)
    preselection/events/histo_Fake_m
    variable[fold] =  3
    preselection/njet/histo_Fake_m
    variable[fold] =  0
    preselection/pt1/histo_Fake_m
    variable[fold] =  0
    preselection/ptz/histo_Fake_m
    variable[fold] =  0
    preselection/checkmZ/histo_Fake_m
    variable[fold] =  0
    preselection/ptjet0/histo_Fake_m
    variable[fold] =  0
    preselection/ptjet1/histo_Fake_m
    variable[fold] =  0
  subsample/cut = m/zmass_cut :: (abs(ZH3l_pdgid_l) == 13) * (WH3l_ZVeto < 25)
    zmass_cut/events/histo_Fake_m
    variable[fold] =  3
    zmass_cut/njet/histo_Fake_m
    variable[fold] =  0
    zmass_cut/pt1/histo_Fake_m
    variable[fold] =  0
    zmass_cut/ptz/histo_Fake_m
    variable[fold] =  0
    zmass_cut/checkmZ/histo_Fake_m
    variable[fold] =  0
    zmass_cut/ptjet0/histo_Fake_m
    variable[fold] =  0
    zmass_cut/ptjet1/histo_Fake_m
    variable[fold] =  0
  subsample/cut = m/jet_cut_4j :: (abs(ZH3l_pdgid_l) == 13) * ( Alt$( CleanJet_pt[0], 0) > 30                     && Alt$( CleanJet_pt[1], 0) > 30                     && Alt$( CleanJet_pt[2], 0) > 30                     && Alt$( CleanJet_pt[3], 0) > 30                     && WH3l_ZVeto < 25                     )
    jet_cut_4j/events/histo_Fake_m
    variable[fold] =  3
    jet_cut_4j/njet/histo_Fake_m
    variable[fold] =  0
    jet_cut_4j/pt1/histo_Fake_m
    variable[fold] =  0
    jet_cut_4j/ptz/histo_Fake_m
    variable[fold] =  0
    jet_cut_4j/checkmZ/histo_Fake_m
    variable[fold] =  0
    jet_cut_4j/ptjet0/histo_Fake_m
    variable[fold] =  0
    jet_cut_4j/ptjet1/histo_Fake_m
    variable[fold] =  0
  subsample/cut = m/breq :: (abs(ZH3l_pdgid_l) == 13) * ( Alt$( CleanJet_pt[0], 0) > 30                && Alt$( CleanJet_pt[1], 0) > 30                && Alt$( CleanJet_pt[2], 0) > 30                && Alt$( CleanJet_pt[3], 0) > 30                && WH3l_ZVeto < 25                && bReq                )
    breq/events/histo_Fake_m
    variable[fold] =  3
    breq/njet/histo_Fake_m
    variable[fold] =  0
    breq/pt1/histo_Fake_m
    variable[fold] =  0
    breq/ptz/histo_Fake_m
    variable[fold] =  0
    breq/checkmZ/histo_Fake_m
    variable[fold] =  0
    breq/ptjet0/histo_Fake_m
    variable[fold] =  0
    breq/ptjet1/histo_Fake_m
    variable[fold] =  0

Copying /pool/condor/dir_46093/tmp/tmpkK2iP9/plots_AZH_2018_v7_ALL_Fake.4.root to /afs/cern.ch/work/s/srudrabh/AZH/Analysis/CMSSW_10_6_4/src/PlotsConfigurations/Configurations/AToZH/Full2018_v7/rootFiles_AZH_2018_v7/plots_AZH_2018_v7_ALL_Fake.4.root
